[Message:   BepInEx] BepInEx 5.4.21.0 - Lethal Company (06.01.2024 15:03:30)
[Info   :   BepInEx] Running under Unity v2022.3.9.15351836
[Info   :   BepInEx] CLR runtime version: 4.0.30319.42000
[Info   :   BepInEx] Supports SRE: True
[Info   :   BepInEx] System platform: Bits64, Windows
[Message:   BepInEx] Preloader started
[Info   :   BepInEx] Loaded 1 patcher method from [BepInEx.Preloader 5.4.21.0]
[Info   :   BepInEx] Loaded 1 patcher method from [BepInEx.MonoMod.HookGenPatcher 1.2.1.0]
[Info   :   BepInEx] 2 patcher plugins loaded
[Info   :HookGenPatcher] Previous MMHOOK location found. Using that location to save instead.
[Info   :HookGenPatcher] Already ran for this version, reusing that file.
[Info   :HookGenPatcher] Previous MMHOOK location found. Using that location to save instead.
[Info   :HookGenPatcher] Already ran for this version, reusing that file.
[Info   :HookGenPatcher] Previous MMHOOK location found. Using that location to save instead.
[Info   :HookGenPatcher] Already ran for this version, reusing that file.
[Info   :HookGenPatcher] Previous MMHOOK location found. Using that location to save instead.
[Info   :HookGenPatcher] Already ran for this version, reusing that file.
[Info   :HookGenPatcher] Previous MMHOOK location found. Using that location to save instead.
[Info   :HookGenPatcher] Already ran for this version, reusing that file.
[Info   :HookGenPatcher] Previous MMHOOK location found. Using that location to save instead.
[Info   :HookGenPatcher] Already ran for this version, reusing that file.
[Info   :   BepInEx] Patching [UnityEngine.CoreModule] with [BepInEx.Chainloader]
[Message:   BepInEx] Preloader finished
[Message:   BepInEx] Chainloader ready
[Message:   BepInEx] Chainloader started
[Info   :   BepInEx] 22 plugins to load
[Warning:   BepInEx] Plugin [LetMeLookDown 1.0.1] targets a wrong version of BepInEx (5.4.22.0) and might not work until you update
[Warning:   BepInEx] Plugin [MoreEmotes-Sligili 1.3.3] targets a wrong version of BepInEx (5.4.22.0) and might not work until you update
[Info   :   BepInEx] Loading [Fnaf Power Outage 1.0.1]
[Info   :atg.FnafPowerOutage] Starting Fnaf Power Outage
[Info   :atg.FnafPowerOutage] D:\SteamLibrary\steamapps\common\Lethal Company\BepInEx\plugins\FnafPowerOutage\toreadormarch
[Info   :atg.FnafPowerOutage] FnafPowerOutage Mod is loaded
[Info   :   BepInEx] Loading [MoreCompany 1.7.4]
[Info   :MoreCompany] Loading MoreCompany...
[Info   :MoreCompany] Checking: D:\SteamLibrary\steamapps\common\Lethal Company\BepInEx\plugins/MoreCompanyCosmetics
[Info   :MoreCompany] Read settings and cosmetics
[Info   :MoreCompany] Loaded cosmetic: builtin.3dglasses from bundle
[Info   :MoreCompany] Loaded cosmetic: builtin.bunnyears from bundle
[Info   :MoreCompany] Loaded cosmetic: builtin.denimhat from bundle
[Info   :MoreCompany] Loaded cosmetic: builtin.fancyglasses from bundle
[Info   :MoreCompany] Loaded cosmetic: builtin.partyglasses from bundle
[Info   :MoreCompany] Loaded cosmetic: builtin.gunholster from bundle
[Info   :MoreCompany] Loaded cosmetic: builtin.hardhat from bundle
[Info   :MoreCompany] Loaded cosmetic: builtin.jesterhat from bundle
[Info   :MoreCompany] Loaded cosmetic: builtin.kittyears from bundle
[Info   :MoreCompany] Loaded cosmetic: builtin.mimemask from bundle
[Info   :MoreCompany] Loaded cosmetic: builtin.fancypants from bundle
[Info   :MoreCompany] Loaded cosmetic: builtin.outoforder from bundle
[Info   :MoreCompany] Loaded cosmetic: builtin.partyhat from bundle
[Info   :MoreCompany] Loaded cosmetic: builtin.plaguemask from bundle
[Info   :MoreCompany] Loaded cosmetic: builtin.propellerhat from bundle
[Info   :MoreCompany] Loaded cosmetic: builtin.eyeballs from bundle
[Info   :MoreCompany] Loaded cosmetic: builtin.rudolph from bundle
[Info   :MoreCompany] Loaded cosmetic: builtin.santahat from bundle
[Info   :MoreCompany] Loaded cosmetic: builtin.slimething from bundle
[Info   :MoreCompany] Loaded cosmetic: builtin.tophat from bundle
[Info   :MoreCompany] Loaded cosmetic: builtin.watch from bundle
[Info   :MoreCompany] Loading USER COSMETICS...
[Info   :MoreCompany] Loaded MoreCompany FULLY
[Info   :   BepInEx] Loading [LethalExpansion(core) 1.3.15]
[Info   :LethalExpansion(core)] Plugin: LethalExpansion(core) (version: 1.3.15) is loading...
[Info   :LethalExpansion(core)] LethalExpansion is not present, all is well!
[Info   :LethalExpansion(core)] Plugins folder found: D:\SteamLibrary\steamapps\common\Lethal Company\BepInEx\plugins
[Info   :LethalExpansion(core)] Mod path is: D:\SteamLibrary\steamapps\common\Lethal Company\BepInEx\plugins
[Warning:LethalExpansion(core)] LethalExpansion is Rooting the Plugins folder, this is not recommended. D:\SteamLibrary\steamapps\common\Lethal Company\BepInEx\plugins
[Info   :LethalExpansion(core)] Module 'Ether' v0.1.5.0 was loaded in 879ms
[Info   :LethalExpansion(core)] Water support applied to the HDRenderPipelineAsset.
[Info   :LethalExpansion(core)] Plugin: LethalExpansion(core) (version: 1.3.15) is loaded.
[Info   :   BepInEx] Loading [ShipLoot 1.0]
[Info   :   BepInEx] Loading [LethalLib 0.14.2]
[Info   : LethalLib] LethalLib loaded!!
[Info   :   BepInEx] Loading [ReservedItemSlotCore 1.8.10]
[Info   :ReservedItemSlotCore-1.8.10] BindingConfigs
[Info   :ReservedItemSlotCore-1.8.10] Cleaning old config entries
[Warning:  HarmonyX] AccessTools.GetTypesFromAssembly: assembly ReservedItemSlotCore, Version=1.0.0.0, Culture=neutral, PublicKeyToken=null => System.Reflection.ReflectionTypeLoadException: Exception of type 'System.Reflection.ReflectionTypeLoadException' was thrown.
Could not load file or assembly 'LethalCompanyInputUtils, Version=1.0.0.0, Culture=neutral, PublicKeyToken=null' or one of its dependencies.
  at (wrapper managed-to-native) System.Reflection.Assembly.GetTypes(System.Reflection.Assembly,bool)
  at System.Reflection.Assembly.GetTypes () [0x00000] in <787acc3c9a4c471ba7d971300105af24>:IL_0000 
  at HarmonyLib.AccessTools.GetTypesFromAssembly (System.Reflection.Assembly assembly) [0x0000d] in <474744d65d8e460fa08cd5fd82b5d65f>:IL_000D 
System.IO.FileNotFoundException: Could not load file or assembly 'LethalCompanyInputUtils, Version=1.0.0.0, Culture=neutral, PublicKeyToken=null' or one of its dependencies.
File name: 'LethalCompanyInputUtils, Version=1.0.0.0, Culture=neutral, PublicKeyToken=null'
[Info   :ReservedItemSlotCore-1.8.10] ReservedItemSlotCore loaded
[Info   :   BepInEx] Loading [LethalThings 0.9.4]
[Info   :LethalThings] LethalLib version is 0.14.2, which is compatible with LethalThings 0.9.0+
[Info   :LethalThings] [Compatibility] ReservedItemSlotCore version is 1.8.10, which is compatible with LethalThings 0.8.0+
[Info   : LethalLib] [LethalLib] LethalThings is registering 26 content items!
[Info   :LethalThings] LethalThings loaded successfully!!!
[Info   :   BepInEx] Loading [HotbarPlus 1.5.3]
[Info   :HotbarPlus] BindingConfigs
[Info   :HotbarPlus] Cleaning old config entries
[Warning: Unity Log] UnityEngine.InputSystem.InputActionAsset must be instantiated using the ScriptableObject.CreateInstance method instead of new InputActionAsset.
[Warning:  HarmonyX] AccessTools.GetTypesFromAssembly: assembly HotbarPlus, Version=1.0.0.0, Culture=neutral, PublicKeyToken=null => System.Reflection.ReflectionTypeLoadException: Exception of type 'System.Reflection.ReflectionTypeLoadException' was thrown.
Could not load file or assembly 'LethalCompanyInputUtils, Version=1.0.0.0, Culture=neutral, PublicKeyToken=null' or one of its dependencies.
  at (wrapper managed-to-native) System.Reflection.Assembly.GetTypes(System.Reflection.Assembly,bool)
  at System.Reflection.Assembly.GetTypes () [0x00000] in <787acc3c9a4c471ba7d971300105af24>:IL_0000 
  at HarmonyLib.AccessTools.GetTypesFromAssembly (System.Reflection.Assembly assembly) [0x0000d] in <474744d65d8e460fa08cd5fd82b5d65f>:IL_000D 
System.TypeLoadException: Could not load file or assembly 'LethalCompanyInputUtils, Version=1.0.0.0, Culture=neutral, PublicKeyToken=null' or one of its dependencies.
[Info   :HotbarPlus] HotbarPlus loaded
[Info   :   BepInEx] Loading [LetMeLookDown 1.0.1]
[Info   :LetMeLookDown] LetMeLookDown mod loaded
[Info   :   BepInEx] Loading [ReservedFlashlightSlot 1.5.10]
[Info   :ReservedFlashlightSlot] BindingConfigs
[Info   :ReservedFlashlightSlot] Cleaning old config entries
[Warning:  HarmonyX] AccessTools.GetTypesFromAssembly: assembly ReservedFlashlightSlot, Version=1.0.0.0, Culture=neutral, PublicKeyToken=null => System.Reflection.ReflectionTypeLoadException: Exception of type 'System.Reflection.ReflectionTypeLoadException' was thrown.
Could not load file or assembly 'LethalCompanyInputUtils, Version=1.0.0.0, Culture=neutral, PublicKeyToken=null' or one of its dependencies.
  at (wrapper managed-to-native) System.Reflection.Assembly.GetTypes(System.Reflection.Assembly,bool)
  at System.Reflection.Assembly.GetTypes () [0x00000] in <787acc3c9a4c471ba7d971300105af24>:IL_0000 
  at HarmonyLib.AccessTools.GetTypesFromAssembly (System.Reflection.Assembly assembly) [0x0000d] in <474744d65d8e460fa08cd5fd82b5d65f>:IL_000D 
System.IO.FileNotFoundException: Could not load file or assembly 'LethalCompanyInputUtils, Version=1.0.0.0, Culture=neutral, PublicKeyToken=null' or one of its dependencies.
File name: 'LethalCompanyInputUtils, Version=1.0.0.0, Culture=neutral, PublicKeyToken=null'
[Info   :ReservedFlashlightSlot] ReservedFlashlightSlot loaded
[Info   :   BepInEx] Loading [ReservedWalkieSlot 1.5.5]
[Info   :ReservedWalkieSlot] BindingConfigs
[Info   :ReservedWalkieSlot] Cleaning old config entries
[Warning:  HarmonyX] AccessTools.GetTypesFromAssembly: assembly ReservedWalkieSlot, Version=1.0.0.0, Culture=neutral, PublicKeyToken=null => System.Reflection.ReflectionTypeLoadException: Exception of type 'System.Reflection.ReflectionTypeLoadException' was thrown.
Could not load file or assembly 'LethalCompanyInputUtils, Version=1.0.0.0, Culture=neutral, PublicKeyToken=null' or one of its dependencies.
  at (wrapper managed-to-native) System.Reflection.Assembly.GetTypes(System.Reflection.Assembly,bool)
  at System.Reflection.Assembly.GetTypes () [0x00000] in <787acc3c9a4c471ba7d971300105af24>:IL_0000 
  at HarmonyLib.AccessTools.GetTypesFromAssembly (System.Reflection.Assembly assembly) [0x0000d] in <474744d65d8e460fa08cd5fd82b5d65f>:IL_000D 
System.IO.FileNotFoundException: Could not load file or assembly 'LethalCompanyInputUtils, Version=1.0.0.0, Culture=neutral, PublicKeyToken=null' or one of its dependencies.
File name: 'LethalCompanyInputUtils, Version=1.0.0.0, Culture=neutral, PublicKeyToken=null'
[Info   :ReservedWalkieSlot] ReservedWalkieSlot loaded
[Info   :   BepInEx] Loading [TooManyEmotes 1.7.19]
[Info   :TooManyEmotes] BindingConfigs
[Info   :TooManyEmotes] Cleaning old config entries
[Info   :TooManyEmotes] Initializing custom emote hotkeys.
[Info   :TooManyEmotes] InputUtilsLoaded: False
[Warning: Unity Log] UnityEngine.InputSystem.InputActionAsset must be instantiated using the ScriptableObject.CreateInstance method instead of new InputActionAsset.
[Info   :TooManyEmotes] Successfully loaded 10 animation clips from asset bundle: Assets/emotes_complementary
[Info   :TooManyEmotes] Successfully loaded 42 animation clips from asset bundle: Assets/emotes_0
[Info   :TooManyEmotes] Successfully loaded 36 animation clips from asset bundle: Assets/emotes_1
[Info   :TooManyEmotes] Successfully loaded 23 animation clips from asset bundle: Assets/emotes_2
[Info   :TooManyEmotes] Successfully loaded 1 animation clips from asset bundle: Assets/emotes_3
[Info   :TooManyEmotes] Successfully loaded 1 animation clips from asset bundle: Assets/emotes_misc
[Info   :TooManyEmotes] Successfully loaded radial menu asset.
[Warning:  HarmonyX] AccessTools.GetTypesFromAssembly: assembly TooManyEmotes, Version=1.0.0.0, Culture=neutral, PublicKeyToken=null => System.Reflection.ReflectionTypeLoadException: Exception of type 'System.Reflection.ReflectionTypeLoadException' was thrown.
Could not load file or assembly 'LethalCompanyInputUtils, Version=1.0.0.0, Culture=neutral, PublicKeyToken=null' or one of its dependencies.
  at (wrapper managed-to-native) System.Reflection.Assembly.GetTypes(System.Reflection.Assembly,bool)
  at System.Reflection.Assembly.GetTypes () [0x00000] in <787acc3c9a4c471ba7d971300105af24>:IL_0000 
  at HarmonyLib.AccessTools.GetTypesFromAssembly (System.Reflection.Assembly assembly) [0x0000d] in <474744d65d8e460fa08cd5fd82b5d65f>:IL_000D 
System.TypeLoadException: Could not load file or assembly 'LethalCompanyInputUtils, Version=1.0.0.0, Culture=neutral, PublicKeyToken=null' or one of its dependencies.
[Info   :TooManyEmotes] TooManyEmotes loaded
[Info   :   BepInEx] Loading [LethalLevelLoader 1.0.3]
[Info   :LethalLevelLoader] LethalLevelLoader loaded!!
[Info   :   BepInEx] Loading [Jump Delay Patch 0.0.0.1]
[Info   :Jump Delay Patch] Plugin JumpDelayPatch is loaded!
[Error  :   BepInEx] Could not load [MoreEmotes-Sligili 1.3.3] because it has missing dependencies: NicholaScott.BepInEx.RuntimeNetcodeRPCValidator
[Info   :   BepInEx] Loading [Helmet_Cameras 2.1.5]
[Info   :Helmet_Cameras] Plugin Helmet_Cameras is loaded with version 2.1.5!
[Info   :Helmet_Cameras] --------Helmet camera patch done.---------
[Info   :   BepInEx] Loading [Skinwalker Mod 3.0.1]
[Info   :RugbugRedfern.SkinwalkerMod] SKINWALKER MOD STARTING UP 3.0.1
[Info   :RugbugRedfern.SkinwalkerMod] VoiceEnabled_BaboonHawk VALUE LOADED FROM CONFIG: [True]
[Info   :RugbugRedfern.SkinwalkerMod] VoiceEnabled_Bracken VALUE LOADED FROM CONFIG: [True]
[Info   :RugbugRedfern.SkinwalkerMod] VoiceEnabled_BunkerSpider VALUE LOADED FROM CONFIG: [True]
[Info   :RugbugRedfern.SkinwalkerMod] VoiceEnabled_Centipede VALUE LOADED FROM CONFIG: [True]
[Info   :RugbugRedfern.SkinwalkerMod] VoiceEnabled_CoilHead VALUE LOADED FROM CONFIG: [True]
[Info   :RugbugRedfern.SkinwalkerMod] VoiceEnabled_EyelessDog VALUE LOADED FROM CONFIG: [True]
[Info   :RugbugRedfern.SkinwalkerMod] VoiceEnabled_ForestGiant VALUE LOADED FROM CONFIG: [False]
[Info   :RugbugRedfern.SkinwalkerMod] VoiceEnabled_GhostGirl VALUE LOADED FROM CONFIG: [True]
[Info   :RugbugRedfern.SkinwalkerMod] VoiceEnabled_GiantWorm VALUE LOADED FROM CONFIG: [False]
[Info   :RugbugRedfern.SkinwalkerMod] VoiceEnabled_HoardingBug VALUE LOADED FROM CONFIG: [True]
[Info   :RugbugRedfern.SkinwalkerMod] VoiceEnabled_Hygrodere VALUE LOADED FROM CONFIG: [False]
[Info   :RugbugRedfern.SkinwalkerMod] VoiceEnabled_Jester VALUE LOADED FROM CONFIG: [True]
[Info   :RugbugRedfern.SkinwalkerMod] VoiceEnabled_Masked VALUE LOADED FROM CONFIG: [True]
[Info   :RugbugRedfern.SkinwalkerMod] VoiceEnabled_Nutcracker VALUE LOADED FROM CONFIG: [True]
[Info   :RugbugRedfern.SkinwalkerMod] VoiceEnabled_SporeLizard VALUE LOADED FROM CONFIG: [True]
[Info   :RugbugRedfern.SkinwalkerMod] VoiceEnabled_Thumper VALUE LOADED FROM CONFIG: [True]
[Info   :RugbugRedfern.SkinwalkerMod] VoiceEnabled_OtherEnemies VALUE LOADED FROM CONFIG: [True]
[Info   :RugbugRedfern.SkinwalkerMod] VoiceLineFrequency VALUE LOADED FROM CONFIG: [1]
[Info   :RugbugRedfern.SkinwalkerMod] Skinwalker Mod Object Initialized
[Info   :   BepInEx] Loading [SCPCBDunGen 2.2.1]
[Info   :SCPCBDunGen] Registering SCP dungeon for predefined moon list.
[Info   :SCPCBDunGen] Registering SCP dungeon for moon Titan at default rarity 100
[Info   :SCPCBDunGen] Registering SCP dungeon for moon Secret Labs at default rarity 100
[Info   :SCPCBDunGen] SCP:CB DunGen for Lethal Company [Version 2.2.1] successfully loaded.
[Info   :   BepInEx] Loading [Yippee tbh mod 1.2.3]
[Info   :sunnobunno.YippeeMod] sunnobunno.YippeeMod is loading.
[Info   :sunnobunno.YippeeMod] sunnobunno.YippeeMod is loaded. Yippee!!!
[Info   :   BepInEx] Loading [Late Company 1.0.10]
[Info   :Late Company] Late Company loaded!
[Info   :   BepInEx] Loading [Mimics 2.3.2]
[Info   :    Mimics] Plugin Mimics is loaded!
[Info   :   BepInEx] Loading [More Suits 1.4.1]
[Info   :More Suits] Plugin More Suits is loaded!
[Message:   BepInEx] Chainloader startup complete
[Warning: Unity Log] dxgi: swapchain SetFullscreenState failed (887a0022).
[Warning: Unity Log] UnityEngine.InputSystem.InputActionAsset must be instantiated using the ScriptableObject.CreateInstance method instead of new InputActionAsset.
[Info   :ReservedFlashlightSlot] Initializing hotkeys.
[Warning: Unity Log] UnityEngine.InputSystem.InputActionAsset must be instantiated using the ScriptableObject.CreateInstance method instead of new InputActionAsset.
[Info   :ReservedWalkieSlot] Initializing hotkeys.
[Warning: Unity Log] UnityEngine.InputSystem.InputActionAsset must be instantiated using the ScriptableObject.CreateInstance method instead of new InputActionAsset.
[Info   : Unity Log] LethalLevelLoader: Finding LethalBundles!
[Info   :LethalExpansion(core)] Loading scene 'InitSceneLaunchOptions'
[Warning: Unity Log] Failed to change display to ExclusiveFullscreen...reverting to FullscreenWindow
[Warning: Unity Log] dxgi: swapchain SetFullscreenState failed (887a0022).
[Warning: Unity Log] Failed to change display to ExclusiveFullscreen...reverting to FullscreenWindow
[Info   : Unity Log] Saving changed settings
[Info   :LethalExpansion(core)] Unloading scene: InitSceneLaunchOptions
[Info   : Unity Log] subcribing to steam callbacks
[Info   :LethalExpansion(core)] Loading scene 'InitScene'
[Info   :LethalExpansion(core)] Registered prefab 'itemshipanimcontainer' from 'LethalExpansion'
[Info   :LethalExpansion(core)] Registered moon 'ether' from 'Ether'
[Info   : Unity Log] LethalLevelLoader: Registering Bundle Content!
[Info   : Unity Log] LethalLevelLoader: Succesfully Restored SpawnEntranceBTrigger NetworkPrefab From EntranceTeleportB To EntranceTeleportB
[Info   : Unity Log] LethalLevelLoader: Succesfully Restored SpawnEntranceTrigger NetworkPrefab From EntranceTeleportA To EntranceTeleportA
[Info   : Unity Log] LethalLevelLoader: Succesfully Restored Vent1 NetworkPrefab From VentEntrance To VentEntrance
[Info   : Unity Log] LethalLevelLoader: Registered 141 NetworkObject's Found In Custom DungeonFlow: SCPFlow
[Info   : Unity Log] LethalLevelLoader: Trying To Register Prefab: SCPDoorBtn (UnityEngine.GameObject)
[Info   : Unity Log] LethalLevelLoader: Trying To Register Prefab: 914_Controls (UnityEngine.GameObject)
[Info   : Unity Log] LethalLevelLoader: Skipped Registering 139 NetworkObjects As They Were Already Registered.
[Info   :LethalExpansion(core)] Unloading scene: InitScene
[Info   :LethalExpansion(core)] Loading scene 'MainMenu'
[Info   : Unity Log] Returning week num: 7
[Info   : Unity Log] week num: 7
[Info   : Unity Log] host button pressed
[Info   : Unity Log] Returning week num: 7
[Info   : Unity Log] Displaying menu message
[Info   : Unity Log] Connection approval callback! Game version of client request: 
[Info   : Unity Log] Joining client id: 0; Local/host client id: 0
[Info   : Unity Log] Stopped connection approval callback, as the client in question was the host!
[Warning: Unity Log] [Netcode] You cannot decline the host connection. The connection was automatically approved.
[Info   : Unity Log] started host!
[Info   : Unity Log] are we in a server?: True
[Info   : Unity Log] Lobby has been created
[Warning: Unity Log] Validation check success for scene: SampleSceneRelay
[Info   :LethalExpansion(core)] Unloading scene: MainMenu
[Info   :LethalThings] Spawning config manager
[Warning:LethalExpansion(core)] Scrap 'Haridryer' on moon 'ether' could not be found, it has not been registered
[Info   :LethalExpansion(core)] Added moon 'ether'
[Info   :LethalExpansion(core)] Finished adding moons and scrap
[Info   : Unity Log] Enabling connection callbacks in StartOfRound
[Info   : Unity Log] Began listening to SceneManager_OnLoadComplete1 on this client
[Info   : LethalLib] Adding 4 unlockables to unlockables list
[Info   : LethalLib] Adding 8 items to terminal
[Info   : Unity Log] LethalLevelLoader: Adding AudioMixerGroup: Master To Vanilla Reference List!
[Info   : Unity Log] LethalLevelLoader: Adding AudioMixerGroup: SFX To Vanilla Reference List!
[Info   : Unity Log] LethalLevelLoader: Adding AudioMixerGroup: Master To Vanilla Reference List!
[Info   : Unity Log] LethalLevelLoader: Obtained (88 / 68) Vanilla Item References
[Info   : Unity Log] LethalLevelLoader: Obtained (21 / 20) Vanilla Enemy References
[Info   : Unity Log] LethalLevelLoader: Obtained (11 / 11) Vanilla Outside Object References
[Info   : Unity Log] LethalLevelLoader: Obtained (3 / 2) Vanilla Inside Object References
[Info   : Unity Log] LethalLevelLoader: Obtained (3 / 3) Vanilla Ambience Library References
[Info   : Unity Log] LethalLevelLoader: Obtained (3 / 00) Vanilla Audio Mixing Group References
[Info   : Unity Log] LethalLevelLoader: AudioMixerGroup Name: Master
[Info   : Unity Log] LethalLevelLoader: AudioMixerGroup Name: SFX
[Info   : Unity Log] LethalLevelLoader: AudioMixerGroup Name: Master
[Info   : Unity Log] LethalLevelLoader: Creating ExtendedDungeonFlows For Vanilla DungeonFlows
[Info   : Unity Log] LethalLevelLoader: Adding Dungeon Flow: Level1Flow
[Info   : Unity Log] LethalLevelLoader: Adding Dungeon Flow: Level2Flow
[Info   : Unity Log] LethalLevelLoader: Adding Dungeon Flow: Level1FlowExtraLarge
[Info   : Unity Log] LethalLevelLoader: Creating ExtendedLevels For Vanilla SelectableLevels
[Info   : Unity Log] LethalLevelLoader: Creating New Extended Level For Moon: Experimentation
[Info   : Unity Log] LethalLevelLoader: Creating New Extended Level For Moon: Assurance
[Info   : Unity Log] LethalLevelLoader: Creating New Extended Level For Moon: Vow
[Info   : Unity Log] LethalLevelLoader: Creating New Extended Level For Moon: Gordion
[Info   : Unity Log] LethalLevelLoader: Creating New Extended Level For Moon: March
[Info   : Unity Log] LethalLevelLoader: Creating New Extended Level For Moon: Rend
[Info   : Unity Log] LethalLevelLoader: Creating New Extended Level For Moon: Dine
[Info   : Unity Log] LethalLevelLoader: Creating New Extended Level For Moon: Offense
[Info   : Unity Log] LethalLevelLoader: Creating New Extended Level For Moon: Titan
[Info   : Unity Log] LethalLevelLoader: Creating New Extended Level For Moon: Ether - (Downtown)
[Info   : Unity Log] LethalLevelLoader: Adding Dungeon Flow: SCPFlow
[Info   :LethalExpansion(core)] Loading scene 'SampleSceneRelay'
[Warning: Unity Log] NetworkVariable is written to, but doesn't know its NetworkBehaviour yet. Are you modifying a NetworkVariable before the NetworkObject is spawned?
[Warning: Unity Log] NetworkVariable is written to, but doesn't know its NetworkBehaviour yet. Are you modifying a NetworkVariable before the NetworkObject is spawned?
[Warning: Unity Log] NetworkVariable is written to, but doesn't know its NetworkBehaviour yet. Are you modifying a NetworkVariable before the NetworkObject is spawned?
[Info   :RugbugRedfern.SkinwalkerMod] HOST SENDING CONFIG TO CLIENTS
[Info   :RugbugRedfern.SkinwalkerMod] SkinwalkerNetworkManager Awake
[Info   : Unity Log] Initialized SkinwalkerNetworkManager
[Warning: Unity Log] damageTrigger is disabled! Netcode for GameObjects does not support spawning disabled NetworkBehaviours! The InteractTrigger component was skipped during spawn!
[Info   : LethalLib] Found 25 prefabs to fix
[Info   : Unity Log] level id: 3
[Info   : Unity Log] Changing level
[Info   : Unity Log] Item sales percentages #0: 0
[Info   : Unity Log] Item sales percentages #1: 0
[Info   : Unity Log] Item sales percentages #2: 0
[Info   : Unity Log] Item sales percentages #3: 0
[Info   : Unity Log] Item sales percentages #4: 0
[Info   : Unity Log] Item sales percentages #5: 0
[Info   : Unity Log] Item sales percentages #6: 0
[Info   : Unity Log] Item sales percentages #7: 0
[Info   : Unity Log] Item sales percentages #8: 0
[Info   : Unity Log] Item sales percentages #9: 0
[Info   : Unity Log] Item sales percentages #10: 0
[Info   : Unity Log] Item sales percentages #11: 0
[Info   : Unity Log] Item sales percentages #12: 0
[Info   : Unity Log] Item sales percentages #13: 0
[Info   : Unity Log] Item sales percentages #14: 0
[Info   : Unity Log] Item sales percentages #15: 0
[Info   : Unity Log] Item sales percentages #16: 0
[Info   : Unity Log] Item sales percentages #17: 0
[Info   : Unity Log] Item sales percentages #18: 0
[Info   : Unity Log] Item sales percentages #19: 0
[Info   : Unity Log] Item sales percentages #20: 0
[Info   : Unity Log] Placing scene object at saved position: File Cabinet
[Info   : Unity Log] Loading placed object position as: (6.81, 1.10, -11.81)
[Info   : Unity Log] Saving placed position as: (6.81, 1.10, -11.81)
[Info   : Unity Log] Placing scene object at saved position: Bunkbeds
[Info   : Unity Log] Loading placed object position as: (9.39, 2.03, -11.62)
[Info   : Unity Log] Saving placed position as: (9.39, 2.03, -11.62)
[Info   : Unity Log] Loading placed object position as: (5.72, 1.04, -13.66)
[Info   : Unity Log] Saving placed position as: (5.72, 1.04, -13.66)
[Info   : Unity Log] Loading placed object position as: (-0.63, 2.74, -12.06)
[Info   : Unity Log] Saving placed position as: (-0.63, 2.74, -12.06)
[Info   : Unity Log] Loading placed object position as: (2.45, 2.80, -11.81)
[Info   : Unity Log] Saving placed position as: (2.45, 2.80, -11.81)
[Warning: Unity Log] NetworkVariable is written to, but doesn't know its NetworkBehaviour yet. Are you modifying a NetworkVariable before the NetworkObject is spawned?
[Warning: Unity Log] NetworkVariable is written to, but doesn't know its NetworkBehaviour yet. Are you modifying a NetworkVariable before the NetworkObject is spawned?
[Warning: Unity Log] NetworkVariable is written to, but doesn't know its NetworkBehaviour yet. Are you modifying a NetworkVariable before the NetworkObject is spawned?
[Warning: Unity Log] NetworkVariable is written to, but doesn't know its NetworkBehaviour yet. Are you modifying a NetworkVariable before the NetworkObject is spawned?
[Warning: Unity Log] NetworkVariable is written to, but doesn't know its NetworkBehaviour yet. Are you modifying a NetworkVariable before the NetworkObject is spawned?
[Warning: Unity Log] NetworkVariable is written to, but doesn't know its NetworkBehaviour yet. Are you modifying a NetworkVariable before the NetworkObject is spawned?
[Warning: Unity Log] NetworkVariable is written to, but doesn't know its NetworkBehaviour yet. Are you modifying a NetworkVariable before the NetworkObject is spawned?
[Warning: Unity Log] NetworkVariable is written to, but doesn't know its NetworkBehaviour yet. Are you modifying a NetworkVariable before the NetworkObject is spawned?
[Warning: Unity Log] NetworkVariable is written to, but doesn't know its NetworkBehaviour yet. Are you modifying a NetworkVariable before the NetworkObject is spawned?
[Warning: Unity Log] NetworkVariable is written to, but doesn't know its NetworkBehaviour yet. Are you modifying a NetworkVariable before the NetworkObject is spawned?
[Warning: Unity Log] NetworkVariable is written to, but doesn't know its NetworkBehaviour yet. Are you modifying a NetworkVariable before the NetworkObject is spawned?
[Warning: Unity Log] NetworkVariable is written to, but doesn't know its NetworkBehaviour yet. Are you modifying a NetworkVariable before the NetworkObject is spawned?
[Info   :TooManyEmotes] [SaveManager] Loading game values.
[Info   :TooManyEmotes] Resetting unlocked emotes.
[Info   :TooManyEmotes] Loading 0 emotes for player: unicornsfirst
[Info   :TooManyEmotes] Loading 100 emote credits for player: unicornsfirst
[Info   :TooManyEmotes] Loading 0 emotes for player: reyal
[Info   :TooManyEmotes] Loading 100 emote credits for player: reyal
[Info   :TooManyEmotes] Loading 0 emotes for player: kekGaming
[Info   :TooManyEmotes] Loading 100 emote credits for player: kekGaming
[Info   :TooManyEmotes] Loading 0 emotes for player: Kysira
[Info   :TooManyEmotes] Loading 100 emote credits for player: Kysira
[Info   :TooManyEmotes] Loading 0 emotes for player: VNNX
[Info   :TooManyEmotes] Loading 100 emote credits for player: VNNX
[Info   :TooManyEmotes] Loading 0 emotes for player: TOPG
[Info   :TooManyEmotes] Loading 100 emote credits for player: TOPG
[Info   :TooManyEmotes] Loaded 13 unlockable emotes.
[Info   :TooManyEmotes] Loaded CurrentEmoteCredits: 366
[Info   :TooManyEmotes] Loaded Seed: 31713101
[Info   : Unity Log] Ship grabbable items list loaded. Count: 20
[Info   : Unity Log] Loading item save data for item: Dart(Clone) (UnityEngine.GameObject): 0
[Info   : Unity Log] Loading item save data for item: Dart(Clone) (UnityEngine.GameObject): 0
[Info   : Unity Log] Loading item save data for item: Dart(Clone) (UnityEngine.GameObject): 0
[Warning: Unity Log] Only custom filters can be played. Please add a custom filter or an audioclip to the audiosource (Target).
[Info   : Unity Log] Loading item save data for item: Dart(Clone) (UnityEngine.GameObject): 0
[Info   : Unity Log] Setting scrap value for item: Remote(Clone): 34
[Info   : Unity Log] Loading item save data for item: Dart(Clone) (UnityEngine.GameObject): 0
[Info   : Unity Log] Loading item save data for item: Dart(Clone) (UnityEngine.GameObject): 0
[Warning: Unity Log] Only custom filters can be played. Please add a custom filter or an audioclip to the audiosource (Target).
[Info   : Unity Log] Loading item save data for item: Dart(Clone) (UnityEngine.GameObject): 0
[Info   : Unity Log] Loading item save data for item: Dart(Clone) (UnityEngine.GameObject): 0
[Info   : Unity Log] Loading item save data for item: Dart(Clone) (UnityEngine.GameObject): 0
[Info   : Unity Log] Loading item save data for item: Dart(Clone) (UnityEngine.GameObject): 0
[Info   :TooManyEmotes] Rotating emote selection in store. Seed: 31713101
[Info   :TooManyEmotes] Rotate new emote value: 0,480079975202717
[Info   :TooManyEmotes] Rotate new emote value: 0,507825299402618
[Info   :TooManyEmotes] Rotate new emote value: 0,0712745641690095
[Info   :TooManyEmotes] Rotate new emote value: 0,21037573144323
[Info   :TooManyEmotes] Rotate new emote value: 0,193167698193885
[Info   :TooManyEmotes] Rotate new emote value: 0,934297690137428
[Debug  :LethalExpansion(core)] Hotfix: Removing duplicated routes
[Debug  :LethalExpansion(core)] 7route duplicated route removed.
[Debug  :LethalExpansion(core)] Hotfix: 1 duplicated route(s) removed
[Info   :LethalExpansion(core)] Terminal reset.
[Info   :LethalExpansion(core)] Added terminal entry for moon 'ether'
[Info   :LethalExpansion(core)] Finished updating terminal
[Info   : Unity Log] Item sales percentages #0: 0
[Info   : Unity Log] Item sales percentages #1: 0
[Info   : Unity Log] Item sales percentages #2: 0
[Info   : Unity Log] Item sales percentages #3: 0
[Info   : Unity Log] Item sales percentages #4: 0
[Info   : Unity Log] Item sales percentages #5: 0
[Info   : Unity Log] Item sales percentages #6: 0
[Info   : Unity Log] Item sales percentages #7: 0
[Info   : Unity Log] Item sales percentages #8: 0
[Info   : Unity Log] Item sales percentages #9: 0
[Info   : Unity Log] Item sales percentages #10: 0
[Info   : Unity Log] Item sales percentages #11: 0
[Info   : Unity Log] Item sales percentages #12: 0
[Info   : Unity Log] Item sales percentages #13: 0
[Info   : Unity Log] Item sales percentages #14: 0
[Info   : Unity Log] Item sales percentages #15: 0
[Info   : Unity Log] Item sales percentages #16: 0
[Info   : Unity Log] Item sales percentages #17: 0
[Info   : Unity Log] Item sales percentages #18: 0
[Info   : Unity Log] Item sales percentages #19: 0
[Info   : Unity Log] Item sales percentages #20: 0
[Info   : Unity Log] Group credits: 924
[Warning: Unity Log] TerminalKeyword must be instantiated using the ScriptableObject.CreateInstance method instead of new TerminalKeyword.
[Warning: Unity Log] BoxColliders does not support negative scale or size.
The effective box size has been forced positive and is likely to give unexpected collision geometry.
If you absolutely need to use negative scaling you can use the convex MeshCollider. Scene hierarchy path "Environment/HangarShip/LightSwitchContainer/PlacementCollider"
[Warning: Unity Log] BoxColliders does not support negative scale or size.
The effective box size has been forced positive and is likely to give unexpected collision geometry.
If you absolutely need to use negative scaling you can use the convex MeshCollider. Scene hierarchy path "Environment/HangarShip/Cube"
[Warning: Unity Log] BoxColliders does not support negative scale or size.
The effective box size has been forced positive and is likely to give unexpected collision geometry.
If you absolutely need to use negative scaling you can use the convex MeshCollider. Scene hierarchy path "Environment/HangarShip/AnimatedShipDoor/HangarDoorLeft (1)"
[Warning: Unity Log] BoxColliders does not support negative scale or size.
The effective box size has been forced positive and is likely to give unexpected collision geometry.
If you absolutely need to use negative scaling you can use the convex MeshCollider. Scene hierarchy path "Environment/HangarShip/ShipBottomColliders/Cube (1)"
[Warning: Unity Log] BoxColliders does not support negative scale or size.
The effective box size has been forced positive and is likely to give unexpected collision geometry.
If you absolutely need to use negative scaling you can use the convex MeshCollider. Scene hierarchy path "Environment/HangarShip/ControlDesk.001"
[Warning: Unity Log] BoxColliders does not support negative scale or size.
The effective box size has been forced positive and is likely to give unexpected collision geometry.
If you absolutely need to use negative scaling you can use the convex MeshCollider. Scene hierarchy path "Environment/HangarShip/ShipBottomColliders/Cube (3)"
[Warning: Unity Log] BoxColliders does not support negative scale or size.
The effective box size has been forced positive and is likely to give unexpected collision geometry.
If you absolutely need to use negative scaling you can use the convex MeshCollider. Scene hierarchy path "Environment/HangarShip/ShipBottomColliders/Cube (7)"
[Warning: Unity Log] BoxColliders does not support negative scale or size.
The effective box size has been forced positive and is likely to give unexpected collision geometry.
If you absolutely need to use negative scaling you can use the convex MeshCollider. Scene hierarchy path "Environment/HangarShip/StorageCloset/Cube.000/Cube"
[Warning: Unity Log] BoxColliders does not support negative scale or size.
The effective box size has been forced positive and is likely to give unexpected collision geometry.
If you absolutely need to use negative scaling you can use the convex MeshCollider. Scene hierarchy path "Environment/HangarShip/ShipBottomColliders/Cube (6)"
[Warning: Unity Log] BoxColliders does not support negative scale or size.
The effective box size has been forced positive and is likely to give unexpected collision geometry.
If you absolutely need to use negative scaling you can use the convex MeshCollider. Scene hierarchy path "Environment/HangarShip/ShipBottomColliders/Cube (8)"
[Warning: Unity Log] BoxColliders does not support negative scale or size.
The effective box size has been forced positive and is likely to give unexpected collision geometry.
If you absolutely need to use negative scaling you can use the convex MeshCollider. Scene hierarchy path "Environment/HangarShip/ShipBottomColliders/Cube (5)"
[Warning: Unity Log] BoxColliders does not support negative scale or size.
The effective box size has been forced positive and is likely to give unexpected collision geometry.
If you absolutely need to use negative scaling you can use the convex MeshCollider. Scene hierarchy path "Environment/HangarShip/ShipBottomColliders/Cube (4)"
[Message:LethalThings] (2) Hit target (ShipInside (UnityEngine.Transform)) wawa!!! Layer: (8)
[Message:LethalThings] (2) Hit target (WallInsulator (UnityEngine.Transform)) wawa!!! Layer: (8)
[Message:LethalThings] (2) Hit target (WallInsulator (UnityEngine.Transform)) wawa!!! Layer: (8)
[Message:LethalThings] (2) Hit target (WallInsulator (UnityEngine.Transform)) wawa!!! Layer: (8)
[Message:LethalThings] (3) Hit target (ShipInside (UnityEngine.Transform)) wawa!!! Layer: (8)
[Message:LethalThings] (3) Hit target (ShipInside (UnityEngine.Transform)) wawa!!! Layer: (8)
[Message:LethalThings] (3) Hit target (ShipInside (UnityEngine.Transform)) wawa!!! Layer: (8)
[Message:LethalThings] (3) Hit target (ShipInside (UnityEngine.Transform)) wawa!!! Layer: (8)
[Message:LethalThings] (3) Hit target (ShipInside (UnityEngine.Transform)) wawa!!! Layer: (8)
[Message:LethalThings] (3) Hit target (ShipInside (UnityEngine.Transform)) wawa!!! Layer: (8)
[Message:LethalThings] (3) Hit target (Board_Base (UnityEngine.Transform)) wawa!!! Layer: (0)
[Message:LethalThings] (3) Hit target (Board_Base (UnityEngine.Transform)) wawa!!! Layer: (0)
[Message:LethalThings] (3) Hit target (Board_Base (UnityEngine.Transform)) wawa!!! Layer: (0)
[Info   : Unity Log] [HELMET_CAMERAS] Starting coroutine...
[Info   : Unity Log] [HELMET_CAMERAS] 5 seconds for init mode... Please wait...
[Info   : Unity Log] Taking control of player Player and enabling camera!
[Info   : Unity Log] Starting voice tracking for player: unicornsfirst
[Info   :TooManyEmotes] Applying MoreCompany Cosmetics patch.
[Info   :TooManyEmotes] Initializing local player.
[Warning:TooManyEmotes] Converting animator controller to override for player: Player
[Warning:TooManyEmotes] Converting animator controller to override for player: Player
[Info   : Unity Log] !!!! ENABLING CAMERA FOR PLAYER: Player
[Info   : Unity Log] !!!! connectedPlayersAmount: 0
[Info   : Unity Log] Has beta?: {hasBeta}
[Info   : Unity Log] Has beta save data: True
[Info   :ReservedItemSlotCore-1.8.10] Finalizing sync with server.
[Info   :ReservedItemSlotCore-1.8.10] Adding 2 Reserved item slots to the inventory HUD. Previous inventory HUD size: 4
[Info   :ReservedItemSlotCore-1.8.10] Adding Reserved item slot for item types [Pro-flashlight]. Inventory index: 4
[Info   :ReservedItemSlotCore-1.8.10] Adding Reserved item slot for item types [Walkie-talkie]. Inventory index: 5
[Warning: Unity Log] Parent of RectTransform is being set with parent property. Consider using the SetParent method instead, with the worldPositionStays argument set to false. This will retain local orientation and scale rather than world orientation and scale, which can prevent common UI scaling issues.
[Info   :ReservedItemSlotCore-1.8.10] Finished adding 2 Reserved Item slots in the inventory HUD.
[Info   : Unity Log] [HELMET_CAMERAS] Ship camera founded...
[Info   : Unity Log] [HELMET_CAMERAS] Monitors were changed...
[Info   : Unity Log] [HELMET_CAMERAS] Turning off vanilla internal ship camera
[Info   : Unity Log] Set interminalmenu to true: True
[Error  : Unity Log] Trying to add Caret (TMPro.TMP_SelectionCaret) for graphic rebuild while we are already inside a graphic rebuild loop. This is not supported.
[Info   : Unity Log] PLAYER OPENED MENU
[Info   : Unity Log] In terminal menu: True
[Info   : Unity Log] Calling stop animation function StopUsing server rpc for player: 0
[Info   : Unity Log] STOPPING SPECIAL ANIMATION ON LOCAL CLIENT; player who was using: unicornsfirst
[Info   : Unity Log] Quit terminal; inTerminalMenu true?: {playerScript.inTerminalMenu}
[Info   : Unity Log] PLAYER OPENED MENU
[Info   : Unity Log] In terminal menu: False
[Info   :ReservedWalkieSlot] ACTIVATE ITEM
[Info   :ReservedWalkieSlot] ACTIVATE ITEM
[Info   :ReservedWalkieSlot] ACTIVATE ITEM
[Info   : Unity Log] Leaving current lobby
[Info   : Unity Log] Disconnecting and setting networkobjects to destroy with owner
[Info   : Unity Log] Saved data for item type: Dart - 0
[Info   : Unity Log] Saved data for item type: Dart - 0
[Info   : Unity Log] Saved data for item type: Dart - 0
[Info   : Unity Log] Saved data for item type: Dart - 0
[Info   : Unity Log] Saved data for item type: Dart - 0
[Info   : Unity Log] Saved data for item type: Dart - 0
[Info   : Unity Log] Saved data for item type: Dart - 0
[Info   : Unity Log] Saved data for item type: Dart - 0
[Info   : Unity Log] Saved data for item type: Dart - 0
[Info   : Unity Log] Saved data for item type: Dart - 0
[Info   : Unity Log] Saved data for item type: Dart - 0
[Info   : Unity Log] Saved data for item type: Dart - 0
[Info   : Unity Log] Saved data for item type: Dart - 0
[Info   :TooManyEmotes] [SaveManager] Saving game values.
[Info   :TooManyEmotes] Saving 13 emotes for player: unicornsfirst
[Info   :TooManyEmotes] Saving 366 emote credits for player: unicornsfirst
[Info   :TooManyEmotes] Saving 0 emotes for player: reyal
[Info   :TooManyEmotes] Saving 100 emote credits for player: reyal
[Info   :TooManyEmotes] Saving 0 emotes for player: kekGaming
[Info   :TooManyEmotes] Saving 100 emote credits for player: kekGaming
[Info   :TooManyEmotes] Saving 0 emotes for player: Kysira
[Info   :TooManyEmotes] Saving 100 emote credits for player: Kysira
[Info   :TooManyEmotes] Saving 0 emotes for player: VNNX
[Info   :TooManyEmotes] Saving 100 emote credits for player: VNNX
[Info   :TooManyEmotes] Saving 0 emotes for player: TOPG
[Info   :TooManyEmotes] Saving 100 emote credits for player: TOPG
[Info   :TooManyEmotes] Saved Seed: 31713101
[Info   : Unity Log] Shutting down and disconnecting from server. Is host?: True
[Info   : Unity Log] Resetting unlockables list!
[Info   : Unity Log] Scene manager is null
[Info   : Unity Log] DISABLING connection callbacks in round manager
[Info   :RugbugRedfern.SkinwalkerMod] SkinwalkerNetworkManager OnDestroy
[Info   : Unity Log] Terminal disabled, disabling ESC key listener
[Info   :LethalExpansion(core)] Unloading scene: SampleSceneRelay
